2025.09.04 11:15:40 INFO  Started: Metals version 1.6.2 in folders 'C:\Users\david\OneDrive - UvA\Documents\Group-Blank\computational-thinking-week-group-Blank\challenge_day4' for client Visual Studio Code 1.103.2.
2025.09.04 11:15:41 INFO  Attempting to connect to the build server...
2025.09.04 11:15:41 INFO  Running BSP server List(C:\Program Files\scala-cli-x86_64-pc-win32\scala-cli.exe, bsp, --json-options, C:\Users\david\OneDrive - UvA\Documents\Group-Blank\computational-thinking-week-group-Blank\challenge_day4\.scala-build\ide-options-v2.json, --json-launcher-options, C:\Users\david\OneDrive - UvA\Documents\Group-Blank\computational-thinking-week-group-Blank\challenge_day4\.scala-build\ide-launcher-options.json, --envs-file, C:\Users\david\OneDrive - UvA\Documents\Group-Blank\computational-thinking-week-group-Blank\challenge_day4\.scala-build\ide-envs.json, C:\Users\david\OneDrive - UvA\Documents\Group-Blank\computational-thinking-week-group-Blank\challenge_day4\Hello.scala)
2025.09.04 11:15:41 INFO  tracing is disabled for protocol BSP, to enable tracing of incoming and outgoing JSON messages create an empty file at C:\Users\david\OneDrive - UvA\Documents\Group-Blank\computational-thinking-week-group-Blank\challenge_day4\.metals\bsp.trace.json or C:\Users\david\AppData\Local\scalameta\metals\cache\bsp.trace.json
2025.09.04 11:15:41 INFO  BSP server: Error: java.nio.file.NoSuchFileException: C:\Users\david\OneDrive - UvA\Documents\Group-Blank\computational-thinking-week-group-Blank\challenge_day4\Hello.scala
2025.09.04 11:15:41 INFO  BSP server: For more details, please see 'C:\Users\david\OneDrive - UvA\Documents\Group-Blank\computational-thinking-week-group-Blank\challenge_day4\.scala-build\stacktraces\1756977341-4296105731176955052.log'
Sep 04, 2025 11:15:50 AM org.eclipse.lsp4j.jsonrpc.services.GenericEndpoint notify
INFO: Unsupported notification method: $/setTrace
2025.09.04 11:16:28 INFO  no build target found for C:\Users\david\OneDrive - UvA\Documents\Group-Blank\computational-thinking-week-group-Blank\challenge_day4\scala_step6\Hello.scala. Using presentation compiler with project's scala-library version: 3.3.6
2025.09.04 11:16:29 INFO  no build target found for C:\Users\david\OneDrive - UvA\Documents\Group-Blank\computational-thinking-week-group-Blank\challenge_day4\scala_step6\Hello.scala. Using presentation compiler with project's scala-library version: 3.3.6
Sep 04, 2025 11:16:29 AM org.eclipse.lsp4j.jsonrpc.RemoteEndpoint handleCancellation
WARNING: Unmatched cancel notification for request id 2
2025.09.04 11:16:41 ERROR Timeout waiting for 'build/initialize' response
2025.09.04 11:16:41 WARN  Retrying connection to the build server scala-cli
2025.09.04 11:16:41 INFO  Running BSP server List(C:\Program Files\scala-cli-x86_64-pc-win32\scala-cli.exe, bsp, --json-options, C:\Users\david\OneDrive - UvA\Documents\Group-Blank\computational-thinking-week-group-Blank\challenge_day4\.scala-build\ide-options-v2.json, --json-launcher-options, C:\Users\david\OneDrive - UvA\Documents\Group-Blank\computational-thinking-week-group-Blank\challenge_day4\.scala-build\ide-launcher-options.json, --envs-file, C:\Users\david\OneDrive - UvA\Documents\Group-Blank\computational-thinking-week-group-Blank\challenge_day4\.scala-build\ide-envs.json, C:\Users\david\OneDrive - UvA\Documents\Group-Blank\computational-thinking-week-group-Blank\challenge_day4\Hello.scala)
2025.09.04 11:16:41 INFO  tracing is disabled for protocol BSP, to enable tracing of incoming and outgoing JSON messages create an empty file at C:\Users\david\OneDrive - UvA\Documents\Group-Blank\computational-thinking-week-group-Blank\challenge_day4\.metals\bsp.trace.json or C:\Users\david\AppData\Local\scalameta\metals\cache\bsp.trace.json
2025.09.04 11:16:41 INFO  BSP server: Error: java.nio.file.NoSuchFileException: C:\Users\david\OneDrive - UvA\Documents\Group-Blank\computational-thinking-week-group-Blank\challenge_day4\Hello.scala
2025.09.04 11:16:41 INFO  BSP server: For more details, please see 'C:\Users\david\OneDrive - UvA\Documents\Group-Blank\computational-thinking-week-group-Blank\challenge_day4\.scala-build\stacktraces\1756977401-18057557162470354502.log'
2025.09.04 11:17:41 ERROR Timeout waiting for 'build/initialize' response
2025.09.04 11:17:41 WARN  Retrying connection to the build server scala-cli
2025.09.04 11:17:41 INFO  Running BSP server List(C:\Program Files\scala-cli-x86_64-pc-win32\scala-cli.exe, bsp, --json-options, C:\Users\david\OneDrive - UvA\Documents\Group-Blank\computational-thinking-week-group-Blank\challenge_day4\.scala-build\ide-options-v2.json, --json-launcher-options, C:\Users\david\OneDrive - UvA\Documents\Group-Blank\computational-thinking-week-group-Blank\challenge_day4\.scala-build\ide-launcher-options.json, --envs-file, C:\Users\david\OneDrive - UvA\Documents\Group-Blank\computational-thinking-week-group-Blank\challenge_day4\.scala-build\ide-envs.json, C:\Users\david\OneDrive - UvA\Documents\Group-Blank\computational-thinking-week-group-Blank\challenge_day4\Hello.scala)
2025.09.04 11:17:41 INFO  tracing is disabled for protocol BSP, to enable tracing of incoming and outgoing JSON messages create an empty file at C:\Users\david\OneDrive - UvA\Documents\Group-Blank\computational-thinking-week-group-Blank\challenge_day4\.metals\bsp.trace.json or C:\Users\david\AppData\Local\scalameta\metals\cache\bsp.trace.json
2025.09.04 11:17:41 INFO  BSP server: Error: java.nio.file.NoSuchFileException: C:\Users\david\OneDrive - UvA\Documents\Group-Blank\computational-thinking-week-group-Blank\challenge_day4\Hello.scala
2025.09.04 11:17:41 INFO  BSP server: For more details, please see 'C:\Users\david\OneDrive - UvA\Documents\Group-Blank\computational-thinking-week-group-Blank\challenge_day4\.scala-build\stacktraces\1756977461-4156616044590765569.log'
2025.09.04 11:18:29 INFO  no build target found for C:\Users\david\OneDrive - UvA\Documents\Group-Blank\computational-thinking-week-group-Blank\challenge_day4\scala_step6\Hello.scala. Using presentation compiler with project's scala-library version: 3.3.6
2025.09.04 11:18:32 INFO  no build target found for C:\Users\david\OneDrive - UvA\Documents\Group-Blank\computational-thinking-week-group-Blank\challenge_day4\scala_step6\Hello.scala. Using presentation compiler with project's scala-library version: 3.3.6
2025.09.04 11:18:32 INFO  no build target found for C:\Users\david\OneDrive - UvA\Documents\Group-Blank\computational-thinking-week-group-Blank\challenge_day4\scala_step6\Main.scala. Using presentation compiler with project's scala-library version: 3.3.6
2025.09.04 11:18:32 INFO  no build target found for C:\Users\david\OneDrive - UvA\Documents\Group-Blank\computational-thinking-week-group-Blank\challenge_day4\scala_step6\Main.scala. Using presentation compiler with project's scala-library version: 3.3.6
2025.09.04 11:18:33 INFO  no build target found for C:\Users\david\OneDrive - UvA\Documents\Group-Blank\computational-thinking-week-group-Blank\challenge_day4\scala_step6\Main.scala. Using presentation compiler with project's scala-library version: 3.3.6
2025.09.04 11:18:33 INFO  no build target found for C:\Users\david\OneDrive - UvA\Documents\Group-Blank\computational-thinking-week-group-Blank\challenge_day4\scala_step6\Hello.scala. Using presentation compiler with project's scala-library version: 3.3.6
2025.09.04 11:18:33 INFO  no build target found for C:\Users\david\OneDrive - UvA\Documents\Group-Blank\computational-thinking-week-group-Blank\challenge_day4\scala_step6\Hello.scala. Using presentation compiler with project's scala-library version: 3.3.6
2025.09.04 11:18:41 ERROR Timeout waiting for 'build/initialize' response
2025.09.04 11:18:41 WARN  Retrying connection to the build server scala-cli
2025.09.04 11:18:41 INFO  Running BSP server List(C:\Program Files\scala-cli-x86_64-pc-win32\scala-cli.exe, bsp, --json-options, C:\Users\david\OneDrive - UvA\Documents\Group-Blank\computational-thinking-week-group-Blank\challenge_day4\.scala-build\ide-options-v2.json, --json-launcher-options, C:\Users\david\OneDrive - UvA\Documents\Group-Blank\computational-thinking-week-group-Blank\challenge_day4\.scala-build\ide-launcher-options.json, --envs-file, C:\Users\david\OneDrive - UvA\Documents\Group-Blank\computational-thinking-week-group-Blank\challenge_day4\.scala-build\ide-envs.json, C:\Users\david\OneDrive - UvA\Documents\Group-Blank\computational-thinking-week-group-Blank\challenge_day4\Hello.scala)
2025.09.04 11:18:41 INFO  tracing is disabled for protocol BSP, to enable tracing of incoming and outgoing JSON messages create an empty file at C:\Users\david\OneDrive - UvA\Documents\Group-Blank\computational-thinking-week-group-Blank\challenge_day4\.metals\bsp.trace.json or C:\Users\david\AppData\Local\scalameta\metals\cache\bsp.trace.json
2025.09.04 11:18:41 INFO  BSP server: Error: java.nio.file.NoSuchFileException: C:\Users\david\OneDrive - UvA\Documents\Group-Blank\computational-thinking-week-group-Blank\challenge_day4\Hello.scala
2025.09.04 11:18:41 INFO  BSP server: For more details, please see 'C:\Users\david\OneDrive - UvA\Documents\Group-Blank\computational-thinking-week-group-Blank\challenge_day4\.scala-build\stacktraces\1756977521-11835536581359491110.log'
2025.09.04 11:19:22 INFO  no build target found for C:\Users\david\OneDrive - UvA\Documents\Group-Blank\computational-thinking-week-group-Blank\challenge_day4\scala_step6\Hello.scala. Using presentation compiler with project's scala-library version: 3.3.6
2025.09.04 11:19:41 ERROR Timeout waiting for 'build/initialize' response
2025.09.04 11:19:41 WARN  Retrying connection to the build server scala-cli
2025.09.04 11:19:41 INFO  Running BSP server List(C:\Program Files\scala-cli-x86_64-pc-win32\scala-cli.exe, bsp, --json-options, C:\Users\david\OneDrive - UvA\Documents\Group-Blank\computational-thinking-week-group-Blank\challenge_day4\.scala-build\ide-options-v2.json, --json-launcher-options, C:\Users\david\OneDrive - UvA\Documents\Group-Blank\computational-thinking-week-group-Blank\challenge_day4\.scala-build\ide-launcher-options.json, --envs-file, C:\Users\david\OneDrive - UvA\Documents\Group-Blank\computational-thinking-week-group-Blank\challenge_day4\.scala-build\ide-envs.json, C:\Users\david\OneDrive - UvA\Documents\Group-Blank\computational-thinking-week-group-Blank\challenge_day4\Hello.scala)
2025.09.04 11:19:41 INFO  tracing is disabled for protocol BSP, to enable tracing of incoming and outgoing JSON messages create an empty file at C:\Users\david\OneDrive - UvA\Documents\Group-Blank\computational-thinking-week-group-Blank\challenge_day4\.metals\bsp.trace.json or C:\Users\david\AppData\Local\scalameta\metals\cache\bsp.trace.json
2025.09.04 11:19:41 INFO  BSP server: Error: java.nio.file.NoSuchFileException: C:\Users\david\OneDrive - UvA\Documents\Group-Blank\computational-thinking-week-group-Blank\challenge_day4\Hello.scala
2025.09.04 11:19:41 INFO  BSP server: For more details, please see 'C:\Users\david\OneDrive - UvA\Documents\Group-Blank\computational-thinking-week-group-Blank\challenge_day4\.scala-build\stacktraces\1756977581-916888008140974552.log'
2025.09.04 11:20:41 ERROR Timeout waiting for 'build/initialize' response
2025.09.04 11:20:41 WARN  Retrying connection to the build server scala-cli
2025.09.04 11:20:41 INFO  Running BSP server List(C:\Program Files\scala-cli-x86_64-pc-win32\scala-cli.exe, bsp, --json-options, C:\Users\david\OneDrive - UvA\Documents\Group-Blank\computational-thinking-week-group-Blank\challenge_day4\.scala-build\ide-options-v2.json, --json-launcher-options, C:\Users\david\OneDrive - UvA\Documents\Group-Blank\computational-thinking-week-group-Blank\challenge_day4\.scala-build\ide-launcher-options.json, --envs-file, C:\Users\david\OneDrive - UvA\Documents\Group-Blank\computational-thinking-week-group-Blank\challenge_day4\.scala-build\ide-envs.json, C:\Users\david\OneDrive - UvA\Documents\Group-Blank\computational-thinking-week-group-Blank\challenge_day4\Hello.scala)
2025.09.04 11:20:41 INFO  tracing is disabled for protocol BSP, to enable tracing of incoming and outgoing JSON messages create an empty file at C:\Users\david\OneDrive - UvA\Documents\Group-Blank\computational-thinking-week-group-Blank\challenge_day4\.metals\bsp.trace.json or C:\Users\david\AppData\Local\scalameta\metals\cache\bsp.trace.json
2025.09.04 11:20:41 INFO  BSP server: Error: java.nio.file.NoSuchFileException: C:\Users\david\OneDrive - UvA\Documents\Group-Blank\computational-thinking-week-group-Blank\challenge_day4\Hello.scala
2025.09.04 11:20:41 INFO  BSP server: For more details, please see 'C:\Users\david\OneDrive - UvA\Documents\Group-Blank\computational-thinking-week-group-Blank\challenge_day4\.scala-build\stacktraces\1756977641-407924991157953206.log'
Sep 04, 2025 11:21:20 AM org.eclipse.lsp4j.jsonrpc.services.GenericEndpoint notify
INFO: Unsupported notification method: $/setTrace
2025.09.04 11:21:41 ERROR Timeout waiting for 'build/initialize' response
2025.09.04 11:21:41 ERROR Failed to connect with build server, no functionality will work.
java.util.concurrent.TimeoutException
	at java.util.concurrent.CompletableFuture.timedGet(CompletableFuture.java:1960)
	at java.util.concurrent.CompletableFuture.get(CompletableFuture.java:2095)
	at scala.meta.internal.metals.BuildServerConnection$.initialize(BuildServerConnection.scala:787)
	at scala.meta.internal.metals.BuildServerConnection$.$anonfun$fromSockets$1(BuildServerConnection.scala:658)
	at scala.concurrent.impl.Promise$Transformation.run(Promise.scala:467)
	at java.util.concurrent.ThreadPoolExecutor.runWorker(ThreadPoolExecutor.java:1136)
	at java.util.concurrent.ThreadPoolExecutor$Worker.run(ThreadPoolExecutor.java:635)
	at java.lang.Thread.run(Thread.java:840)

2025.09.04 11:21:41 INFO  no build target found for C:\Users\david\OneDrive - UvA\Documents\Group-Blank\computational-thinking-week-group-Blank\challenge_day4\scala_step6\Hello.scala. Using presentation compiler with project's scala-library version: 3.3.6
2025.09.04 11:21:41 WARN  no build target for: C:\Users\david\OneDrive - UvA\Documents\Group-Blank\computational-thinking-week-group-Blank\challenge_day4\scala_step6\Main.scala
2025.09.04 11:21:41 WARN  no build target for: C:\Users\david\OneDrive - UvA\Documents\Group-Blank\computational-thinking-week-group-Blank\challenge_day4\scala_step6\Hello.scala
2025.09.04 11:21:41 WARN  no build target for: C:\Users\david\OneDrive - UvA\Documents\Group-Blank\computational-thinking-week-group-Blank\challenge_day4\scala_step6\Hello.scala
2025.09.04 11:21:41 INFO  no build target found for C:\Users\david\OneDrive - UvA\Documents\Group-Blank\computational-thinking-week-group-Blank\challenge_day4\scala_step6\Main.scala. Using presentation compiler with project's scala-library version: 3.3.6
Sep 04, 2025 11:22:46 AM org.eclipse.lsp4j.jsonrpc.services.GenericEndpoint notify
INFO: Unsupported notification method: $/setTrace
Sep 04, 2025 11:25:25 AM org.eclipse.lsp4j.jsonrpc.services.GenericEndpoint notify
INFO: Unsupported notification method: $/setTrace
2025.09.04 11:26:33 INFO  Shutting down server
2025.09.04 11:26:33 INFO  shutting down Metals
2025.09.04 11:26:33 INFO  Exiting server
2025.09.04 11:44:23 INFO  Started: Metals version 1.6.2 in folders 'C:\Users\david\OneDrive - UvA\Documents\Group-Blank\computational-thinking-week-group-Blank\challenge_day4' for client Visual Studio Code 1.103.2.
2025.09.04 11:44:24 WARN  no build tool detected in workspace 'C:\Users\david\OneDrive - UvA\Documents\Group-Blank\computational-thinking-week-group-Blank\challenge_day4'. The most common cause for this problem is that the editor was opened in the wrong working directory, for example if you use sbt then the workspace directory should contain build.sbt. 
2025.09.04 11:44:24 WARN  Build server is not auto-connectable.
Sep 04, 2025 11:44:25 AM org.eclipse.lsp4j.jsonrpc.services.GenericEndpoint notify
INFO: Unsupported notification method: $/setTrace
Sep 04, 2025 11:44:48 AM org.eclipse.lsp4j.jsonrpc.services.GenericEndpoint notify
INFO: Unsupported notification method: $/setTrace
Sep 04, 2025 11:44:48 AM org.eclipse.lsp4j.jsonrpc.services.GenericEndpoint notify
INFO: Unsupported notification method: $/setTrace
Sep 04, 2025 11:44:48 AM org.eclipse.lsp4j.jsonrpc.services.GenericEndpoint notify
INFO: Unsupported notification method: $/setTrace
Sep 04, 2025 11:44:48 AM org.eclipse.lsp4j.jsonrpc.services.GenericEndpoint notify
INFO: Unsupported notification method: $/setTrace
Sep 04, 2025 11:44:50 AM org.eclipse.lsp4j.jsonrpc.services.GenericEndpoint notify
INFO: Unsupported notification method: $/setTrace
Sep 04, 2025 11:44:57 AM org.eclipse.lsp4j.jsonrpc.services.GenericEndpoint notify
INFO: Unsupported notification method: $/setTrace
2025.09.04 11:45:33 INFO  Shutting down server
2025.09.04 11:45:33 INFO  shutting down Metals
2025.09.04 11:45:33 INFO  Exiting server
2025.09.04 12:13:21 INFO  Started: Metals version 1.6.2 in folders 'C:\Users\david\OneDrive - UvA\Documents\Group-Blank\computational-thinking-week-group-Blank\challenge_day4' for client Visual Studio Code 1.103.2.
2025.09.04 12:13:23 WARN  no build tool detected in workspace 'C:\Users\david\OneDrive - UvA\Documents\Group-Blank\computational-thinking-week-group-Blank\challenge_day4'. The most common cause for this problem is that the editor was opened in the wrong working directory, for example if you use sbt then the workspace directory should contain build.sbt. 
2025.09.04 12:13:23 WARN  Build server is not auto-connectable.
Sep 04, 2025 12:13:59 PM org.eclipse.lsp4j.jsonrpc.services.GenericEndpoint notify
INFO: Unsupported notification method: $/setTrace
Sep 04, 2025 12:15:41 PM org.eclipse.lsp4j.jsonrpc.services.GenericEndpoint notify
INFO: Unsupported notification method: $/setTrace
2025.09.04 12:24:06 INFO  Shutting down server
2025.09.04 12:24:06 INFO  shutting down Metals
2025.09.04 12:24:06 INFO  Exiting server
2025.09.04 12:24:18 INFO  Started: Metals version 1.6.2 in folders 'C:\Users\david\OneDrive - UvA\Documents\Group-Blank\computational-thinking-week-group-Blank\challenge_day4' for client Visual Studio Code 1.103.2.
2025.09.04 12:24:19 WARN  no build tool detected in workspace 'C:\Users\david\OneDrive - UvA\Documents\Group-Blank\computational-thinking-week-group-Blank\challenge_day4'. The most common cause for this problem is that the editor was opened in the wrong working directory, for example if you use sbt then the workspace directory should contain build.sbt. 
2025.09.04 12:24:19 WARN  Build server is not auto-connectable.
2025.09.04 12:40:47 INFO  Shutting down server
2025.09.04 12:40:47 INFO  shutting down Metals
2025.09.04 12:40:47 INFO  Exiting server
2025.09.04 12:41:01 INFO  Started: Metals version 1.6.2 in folders 'C:\Users\david\OneDrive - UvA\Documents\Group-Blank\computational-thinking-week-group-Blank\challenge_day4' for client Visual Studio Code 1.103.2.
2025.09.04 12:41:03 WARN  no build tool detected in workspace 'C:\Users\david\OneDrive - UvA\Documents\Group-Blank\computational-thinking-week-group-Blank\challenge_day4'. The most common cause for this problem is that the editor was opened in the wrong working directory, for example if you use sbt then the workspace directory should contain build.sbt. 
2025.09.04 12:41:04 WARN  Build server is not auto-connectable.
Sep 04, 2025 12:47:21 PM org.eclipse.lsp4j.jsonrpc.services.GenericEndpoint notify
INFO: Unsupported notification method: $/setTrace
Sep 04, 2025 12:47:22 PM org.eclipse.lsp4j.jsonrpc.services.GenericEndpoint notify
INFO: Unsupported notification method: $/setTrace
Sep 04, 2025 12:47:22 PM org.eclipse.lsp4j.jsonrpc.services.GenericEndpoint notify
INFO: Unsupported notification method: $/setTrace
Sep 04, 2025 12:47:27 PM org.eclipse.lsp4j.jsonrpc.services.GenericEndpoint notify
INFO: Unsupported notification method: $/setTrace
Sep 04, 2025 12:47:29 PM org.eclipse.lsp4j.jsonrpc.services.GenericEndpoint notify
INFO: Unsupported notification method: $/setTrace
2025.09.04 12:49:14 INFO  Shutting down server
2025.09.04 12:49:14 INFO  shutting down Metals
2025.09.04 12:49:14 INFO  Exiting server
2025.09.04 12:49:31 INFO  Started: Metals version 1.6.2 in folders 'C:\Users\david\OneDrive - UvA\Documents\Group-Blank\computational-thinking-week-group-Blank\challenge_day4' for client Visual Studio Code 1.103.2.
2025.09.04 12:49:35 WARN  no build tool detected in workspace 'C:\Users\david\OneDrive - UvA\Documents\Group-Blank\computational-thinking-week-group-Blank\challenge_day4'. The most common cause for this problem is that the editor was opened in the wrong working directory, for example if you use sbt then the workspace directory should contain build.sbt. 
2025.09.04 12:49:35 WARN  Build server is not auto-connectable.
Sep 04, 2025 1:00:34 PM org.eclipse.lsp4j.jsonrpc.services.GenericEndpoint notify
INFO: Unsupported notification method: $/setTrace
2025.09.04 13:01:15 INFO  Shutting down server
2025.09.04 13:01:15 INFO  shutting down Metals
2025.09.04 13:01:15 INFO  Exiting server
2025.09.04 13:01:28 INFO  Started: Metals version 1.6.2 in folders 'C:\Users\david\OneDrive - UvA\Documents\Group-Blank\computational-thinking-week-group-Blank\challenge_day4' for client Visual Studio Code 1.103.2.
2025.09.04 13:01:32 WARN  no build tool detected in workspace 'C:\Users\david\OneDrive - UvA\Documents\Group-Blank\computational-thinking-week-group-Blank\challenge_day4'. The most common cause for this problem is that the editor was opened in the wrong working directory, for example if you use sbt then the workspace directory should contain build.sbt. 
2025.09.04 13:01:33 WARN  Build server is not auto-connectable.
Sep 04, 2025 1:01:35 PM org.eclipse.lsp4j.jsonrpc.services.GenericEndpoint notify
INFO: Unsupported notification method: $/setTrace
Sep 04, 2025 1:01:55 PM org.eclipse.lsp4j.jsonrpc.services.GenericEndpoint notify
INFO: Unsupported notification method: $/setTrace
2025.09.04 13:03:37 INFO  Shutting down server
2025.09.04 13:03:37 INFO  shutting down Metals
2025.09.04 13:03:37 INFO  Exiting server
2025.09.04 13:03:49 INFO  Started: Metals version 1.6.2 in folders 'C:\Users\david\OneDrive - UvA\Documents\Group-Blank\computational-thinking-week-group-Blank\challenge_day4' for client Visual Studio Code 1.103.2.
2025.09.04 13:03:50 WARN  no build tool detected in workspace 'C:\Users\david\OneDrive - UvA\Documents\Group-Blank\computational-thinking-week-group-Blank\challenge_day4'. The most common cause for this problem is that the editor was opened in the wrong working directory, for example if you use sbt then the workspace directory should contain build.sbt. 
2025.09.04 13:03:51 WARN  Build server is not auto-connectable.
